[2026-01-20 23:58:30] [Experiment] PaymentDefaultPrediction
[2026-01-20 23:58:30] [Start] 2026-01-20 23:58:30
[2026-01-20 23:58:30] [Log Dir] /root/rental-churn/Runs/20260120_235830
[2026-01-20 23:58:30] [TensorBoard] Enabled
[2026-01-20 23:58:30] 
[2026-01-20 23:58:30] >>> EXPERIMENT INITIALIZATION
[2026-01-20 23:58:30] [Experiment] Run ID: 20260120_235830
[2026-01-20 23:58:30] [Experiment] Run directory: /root/rental-churn/Runs/20260120_235830
[2026-01-20 23:58:30]   > Data Module Setup
[2026-01-20 23:58:30] 
[2026-01-20 23:58:30] >>> DATA PREPARATION PIPELINE
[2026-01-20 23:58:30] [Data Loading] Loading sequential data from: /root/rental-churn/Data/training_data.parquet
[2026-01-20 23:58:38] [Data Loading] Loaded 5,991,050 rows, 132 columns
[2026-01-20 23:58:38] [Data Cleaning] Removing 109,204 users with missing payment dates (NaT)
[2026-01-20 23:58:56]   > Feature Configuration
[2026-01-20 23:58:56] [Features] Categorical: 17 features
[2026-01-20 23:58:56] [Features] Continuous: 26 features
[2026-01-20 23:58:56] [Features] Targets: 3 (target_short, target_medium, target_long)
[2026-01-21 00:00:10] [Stratified Sampling] Users with target_long (>14d): 4,439
[2026-01-21 00:00:10] [Stratified Sampling] Users with target_medium only (7-14d): 12,186
[2026-01-21 00:00:10] [Stratified Sampling] Users with target_short only (3-7d): 36,821
[2026-01-21 00:00:10] [Stratified Sampling] Users with no defaults (<=3d): 99,679
[2026-01-21 00:00:10] [Subsampling] Stratified sampling: 16,625/153,125 users (10.9%)
[2026-01-21 00:00:10] [Subsampling] Target quota was 12,250, selected 16,625 (prioritizing minority classes)
[2026-01-21 00:00:10]   > Dataset Splitting
[2026-01-21 00:00:10] [Split] Train: 13,299 users (80.0%)
[2026-01-21 00:00:10] [Split] Validation: 1,663 users (10.0%)
[2026-01-21 00:00:10] [Split] Test: 1,663 users (10.0%)
[2026-01-21 00:00:11]   > Expanding Window Sequences
[2026-01-21 00:00:11] [Sequences] Train: 217,703 samples
[2026-01-21 00:00:11] [Sequences] Validation: 26,738 samples
[2026-01-21 00:00:11] [Sequences] Test: 26,644 samples
[2026-01-21 00:00:11] [Sequences] Total: 271,085 samples (max_len=50, min_len=2)
[2026-01-21 00:00:11]   > Target Imbalance Analysis
[2026-01-21 00:00:11]   > Class Distribution per Target
[2026-01-21 00:00:11]     Target        | Positive | Ratio  | Negative | Recommended Weight
[2026-01-21 00:00:11]     target_short  | 84,260   | 38.70% | 133,443  | 1.5837            
[2026-01-21 00:00:11]     target_medium | 18,928   | 8.69%  | 198,775  | 10.5016           
[2026-01-21 00:00:11]     target_long   | 2,804    | 1.29%  | 214,899  | 76.6402           
[2026-01-21 00:00:11] [Weights] Final pos_weight tensor: ['1.5837', '10.5016', '76.6402']
[2026-01-21 00:00:11]   > Data Augmentation Configuration
[2026-01-21 00:00:11] [Augmentation] Status: ENABLED
[2026-01-21 00:00:11] [Augmentation] Probability: 10.0%
[2026-01-21 00:00:11] [Augmentation] Methods: Temporal Cutout, Feature Dropout, Gaussian Noise
[2026-01-21 00:00:11]   > Model Architecture
[2026-01-21 00:00:11]   > Model Architecture
[2026-01-21 00:00:11]     Model: SOTAModel (Hierarchical Transformer)
[2026-01-21 00:00:11]     Trainable Parameters: 1,777,734
[2026-01-21 00:00:11]     Model Size (MB): 6.78
[2026-01-21 00:00:11]     Embedding Dimensions : 17
[2026-01-21 00:00:11]     Continuous Features  : 26
[2026-01-21 00:00:11]     Hidden Dimension     : 128
[2026-01-21 00:00:11]     Invoice Layers       : 1
[2026-01-21 00:00:11]     Sequence Layers      : 3
[2026-01-21 00:00:11]     Attention Heads      : 4
[2026-01-21 00:00:11]     Dropout              : 0.1
[2026-01-21 00:00:11]     DropPath Rate        : 0.1
[2026-01-21 00:00:11]     Max Sequence Length  : 50
[2026-01-21 00:00:11]     Temporal Attention   : Enabled
[2026-01-21 00:00:11]     Temperature Scaling  : Enabled
[2026-01-21 00:00:11]   > Trainer Configuration
[2026-01-21 00:00:11] [Device] Using: cuda
[2026-01-21 00:00:11] [GPU] Name: NVIDIA RTX A5000
[2026-01-21 00:00:11] [GPU] Memory Total: 23.56 GB
[2026-01-21 00:00:11] [GPU] CUDA Version: 12.4
[2026-01-21 00:00:12] [Loss] Asymmetric Loss (ASL) with γ_neg=4, γ_pos=1
[2026-01-21 00:00:12] [EMA] Exponential Moving Average enabled (decay=0.9999, warmup=2000 steps)
[2026-01-21 00:00:12] 
[2026-01-21 00:00:12] >>> MODEL TRAINING
[2026-01-21 00:00:12]   > Training Configuration
[2026-01-21 00:00:12]   > Configuration
[2026-01-21 00:00:12]     Device               : cuda
[2026-01-21 00:00:12]     Trainable Parameters : 1,777,734
[2026-01-21 00:00:12]     Epochs               : 50
[2026-01-21 00:00:12]     Learning Rate        : 1.00e-03
[2026-01-21 00:00:12]     Batch Size           : 256
[2026-01-21 00:00:12]     Weight Decay         : 1.00e-04
[2026-01-21 00:00:12]     Mixed Precision      : Enabled
[2026-01-21 00:00:12]     EMA                  : Enabled (decay=0.9999)
[2026-01-21 00:00:12]     Gradient Clipping    : max_norm=1.0
[2026-01-21 00:00:12]   > Dataset Statistics
[2026-01-21 00:00:12]   > Configuration
[2026-01-21 00:00:12]     Train Samples      : 217,703
[2026-01-21 00:00:12]     Validation Samples : 26,738
[2026-01-21 00:00:12]     Test Samples       : 26,644
[2026-01-21 00:00:12] [Scheduler] CosineAnnealingWarmRestarts (T_0=10, T_mult=2, η_min=1.00e-06)
[2026-01-21 00:00:12]   > Training Progress
[2026-01-21 00:01:56] Epoch [001/050]  Loss: 0.0547/0.0485 | AUC-ROC: 0.8147 | AUC-PR: 0.4066 | F1-Score: 0.4337 | LR: 9.76e-04 
[2026-01-21 00:01:56]     target_short: AUC=0.8190 | PR=0.7010 | F1=0.6758 | τ=0.577
[2026-01-21 00:01:56]     target_medium: AUC=0.8333 | PR=0.3499 | F1=0.4101 | τ=0.536
[2026-01-21 00:01:56]     target_long: AUC=0.7919 | PR=0.1689 | F1=0.2151 | τ=0.430
[2026-01-21 00:01:56] [Checkpoint] New best model saved → AUC: 0.4066
[2026-01-21 00:01:56]     ★ New Best Model: AUC-PR=0.4066, AUC-ROC=0.8147
[2026-01-21 00:03:38] Epoch [002/050]  Loss: 0.0496/0.0478 | AUC-ROC: 0.8207 | AUC-PR: 0.4163 | F1-Score: 0.4382 | LR: 9.05e-04 
[2026-01-21 00:03:38]     target_short: AUC=0.8245 | PR=0.7089 | F1=0.6800 | τ=0.579
[2026-01-21 00:03:38]     target_medium: AUC=0.8400 | PR=0.3559 | F1=0.4113 | τ=0.530
[2026-01-21 00:03:38]     target_long: AUC=0.7976 | PR=0.1842 | F1=0.2233 | τ=0.560
[2026-01-21 00:03:38] [Checkpoint] New best model saved → AUC: 0.4163
[2026-01-21 00:03:38]     ★ New Best Model: AUC-PR=0.4163, AUC-ROC=0.8207
[2026-01-21 00:05:21] Epoch [003/050]  Loss: 0.0490/0.0477 | AUC-ROC: 0.8224 | AUC-PR: 0.4247 | F1-Score: 0.4467 | LR: 7.94e-04 
[2026-01-21 00:05:21]     target_short: AUC=0.8246 | PR=0.7097 | F1=0.6798 | τ=0.595
[2026-01-21 00:05:21]     target_medium: AUC=0.8410 | PR=0.3689 | F1=0.4164 | τ=0.546
[2026-01-21 00:05:21]     target_long: AUC=0.8017 | PR=0.1955 | F1=0.2440 | τ=0.429
[2026-01-21 00:05:21] [Checkpoint] New best model saved → AUC: 0.4247
[2026-01-21 00:05:21]     ★ New Best Model: AUC-PR=0.4247, AUC-ROC=0.8224
[2026-01-21 00:07:03] Epoch [004/050]  Loss: 0.0487/0.0477 | AUC-ROC: 0.8231 | AUC-PR: 0.4255 | F1-Score: 0.4479 | LR: 6.55e-04 
[2026-01-21 00:07:03]     target_short: AUC=0.8249 | PR=0.7101 | F1=0.6807 | τ=0.594
[2026-01-21 00:07:03]     target_medium: AUC=0.8416 | PR=0.3706 | F1=0.4163 | τ=0.549
[2026-01-21 00:07:03]     target_long: AUC=0.8028 | PR=0.1958 | F1=0.2467 | τ=0.430
[2026-01-21 00:07:03] [Checkpoint] New best model saved → AUC: 0.4255
[2026-01-21 00:07:03]     ★ New Best Model: AUC-PR=0.4255, AUC-ROC=0.8231
[2026-01-21 00:08:47] Epoch [005/050]  Loss: 0.0484/0.0476 | AUC-ROC: 0.8242 | AUC-PR: 0.4263 | F1-Score: 0.4477 | LR: 5.01e-04 
[2026-01-21 00:08:47]     target_short: AUC=0.8253 | PR=0.7103 | F1=0.6804 | τ=0.593
[2026-01-21 00:08:47]     target_medium: AUC=0.8427 | PR=0.3717 | F1=0.4165 | τ=0.534
[2026-01-21 00:08:47]     target_long: AUC=0.8045 | PR=0.1968 | F1=0.2461 | τ=0.431
[2026-01-21 00:08:47] [Checkpoint] New best model saved → AUC: 0.4263
[2026-01-21 00:08:47]     ★ New Best Model: AUC-PR=0.4263, AUC-ROC=0.8242
[2026-01-21 00:10:29] Epoch [006/050]  Loss: 0.0479/0.0476 | AUC-ROC: 0.8251 | AUC-PR: 0.4269 | F1-Score: 0.4487 | LR: 3.46e-04 
[2026-01-21 00:10:29]     target_short: AUC=0.8257 | PR=0.7108 | F1=0.6808 | τ=0.594
[2026-01-21 00:10:29]     target_medium: AUC=0.8436 | PR=0.3723 | F1=0.4181 | τ=0.532
[2026-01-21 00:10:29]     target_long: AUC=0.8060 | PR=0.1977 | F1=0.2472 | τ=0.431
[2026-01-21 00:10:29] [Checkpoint] New best model saved → AUC: 0.4269
[2026-01-21 00:10:29]     ★ New Best Model: AUC-PR=0.4269, AUC-ROC=0.8251
[2026-01-21 00:12:11] Epoch [007/050]  Loss: 0.0477/0.0476 | AUC-ROC: 0.8259 | AUC-PR: 0.4275 | F1-Score: 0.4491 | LR: 2.07e-04 
[2026-01-21 00:12:11]     target_short: AUC=0.8260 | PR=0.7107 | F1=0.6811 | τ=0.581
[2026-01-21 00:12:11]     target_medium: AUC=0.8446 | PR=0.3731 | F1=0.4195 | τ=0.534
[2026-01-21 00:12:11]     target_long: AUC=0.8071 | PR=0.1986 | F1=0.2466 | τ=0.430
[2026-01-21 00:12:11] [Checkpoint] New best model saved → AUC: 0.4275
[2026-01-21 00:12:11]     ★ New Best Model: AUC-PR=0.4275, AUC-ROC=0.8259
[2026-01-21 00:13:54] Epoch [008/050]  Loss: 0.0473/0.0475 | AUC-ROC: 0.8268 | AUC-PR: 0.4278 | F1-Score: 0.4482 | LR: 9.64e-05 
[2026-01-21 00:13:54]     target_short: AUC=0.8264 | PR=0.7111 | F1=0.6812 | τ=0.584
[2026-01-21 00:13:54]     target_medium: AUC=0.8458 | PR=0.3742 | F1=0.4194 | τ=0.532
[2026-01-21 00:13:54]     target_long: AUC=0.8081 | PR=0.1982 | F1=0.2440 | τ=0.428
[2026-01-21 00:13:54] [Checkpoint] New best model saved → AUC: 0.4278
[2026-01-21 00:13:54]     ★ New Best Model: AUC-PR=0.4278, AUC-ROC=0.8268
[2026-01-21 00:15:35] Epoch [009/050]  Loss: 0.0471/0.0475 | AUC-ROC: 0.8273 | AUC-PR: 0.4283 | F1-Score: 0.4486 | LR: 2.54e-05 
[2026-01-21 00:15:35]     target_short: AUC=0.8266 | PR=0.7109 | F1=0.6812 | τ=0.583
[2026-01-21 00:15:35]     target_medium: AUC=0.8467 | PR=0.3748 | F1=0.4200 | τ=0.534
[2026-01-21 00:15:35]     target_long: AUC=0.8088 | PR=0.1992 | F1=0.2446 | τ=0.428
[2026-01-21 00:15:35] [Checkpoint] New best model saved → AUC: 0.4283
[2026-01-21 00:15:35]     ★ New Best Model: AUC-PR=0.4283, AUC-ROC=0.8273
[2026-01-21 00:17:15] Epoch [010/050]  Loss: 0.0468/0.0474 | AUC-ROC: 0.8280 | AUC-PR: 0.4288 | F1-Score: 0.4486 | LR: 1.00e-03 
[2026-01-21 00:17:15]     target_short: AUC=0.8269 | PR=0.7108 | F1=0.6817 | τ=0.585
[2026-01-21 00:17:15]     target_medium: AUC=0.8476 | PR=0.3757 | F1=0.4217 | τ=0.535
[2026-01-21 00:17:15]     target_long: AUC=0.8097 | PR=0.1998 | F1=0.2423 | τ=0.480
[2026-01-21 00:17:15] [Checkpoint] New best model saved → AUC: 0.4288
[2026-01-21 00:17:15]     ★ New Best Model: AUC-PR=0.4288, AUC-ROC=0.8280
[2026-01-21 00:18:53] Epoch [011/050]  Loss: 0.0491/0.0475 | AUC-ROC: 0.8282 | AUC-PR: 0.4295 | F1-Score: 0.4480 | LR: 9.94e-04 
[2026-01-21 00:18:53]     target_short: AUC=0.8267 | PR=0.7105 | F1=0.6812 | τ=0.584
[2026-01-21 00:18:53]     target_medium: AUC=0.8484 | PR=0.3778 | F1=0.4225 | τ=0.529
[2026-01-21 00:18:53]     target_long: AUC=0.8094 | PR=0.2003 | F1=0.2402 | τ=0.470
[2026-01-21 00:18:53] [Checkpoint] New best model saved → AUC: 0.4295
[2026-01-21 00:18:53]     ★ New Best Model: AUC-PR=0.4295, AUC-ROC=0.8282
[2026-01-21 00:20:31] Epoch [012/050]  Loss: 0.0481/0.0475 | AUC-ROC: 0.8280 | AUC-PR: 0.4299 | F1-Score: 0.4487 | LR: 9.76e-04 
[2026-01-21 00:20:31]     target_short: AUC=0.8268 | PR=0.7106 | F1=0.6826 | τ=0.576
[2026-01-21 00:20:31]     target_medium: AUC=0.8490 | PR=0.3796 | F1=0.4249 | τ=0.527
[2026-01-21 00:20:31]     target_long: AUC=0.8083 | PR=0.1996 | F1=0.2387 | τ=0.571
[2026-01-21 00:20:32] [Checkpoint] New best model saved → AUC: 0.4299
[2026-01-21 00:20:32]     ★ New Best Model: AUC-PR=0.4299, AUC-ROC=0.8280
[2026-01-21 00:22:12] Epoch [013/050]  Loss: 0.0480/0.0476 | AUC-ROC: 0.8275 | AUC-PR: 0.4301 | F1-Score: 0.4484 | LR: 9.46e-04 
[2026-01-21 00:22:12]     target_short: AUC=0.8267 | PR=0.7107 | F1=0.6816 | τ=0.571
[2026-01-21 00:22:12]     target_medium: AUC=0.8491 | PR=0.3798 | F1=0.4248 | τ=0.524
[2026-01-21 00:22:12]     target_long: AUC=0.8068 | PR=0.1999 | F1=0.2387 | τ=0.469
[2026-01-21 00:22:12] [Checkpoint] New best model saved → AUC: 0.4301
[2026-01-21 00:22:12]     ★ New Best Model: AUC-PR=0.4301, AUC-ROC=0.8275
[2026-01-21 00:23:53] Epoch [014/050]  Loss: 0.0484/0.0477 | AUC-ROC: 0.8270 | AUC-PR: 0.4301 | F1-Score: 0.4491 | LR: 9.05e-04 
[2026-01-21 00:23:53]     target_short: AUC=0.8267 | PR=0.7108 | F1=0.6813 | τ=0.572
[2026-01-21 00:23:53]     target_medium: AUC=0.8489 | PR=0.3793 | F1=0.4249 | τ=0.524
[2026-01-21 00:23:53]     target_long: AUC=0.8054 | PR=0.2003 | F1=0.2411 | τ=0.551
[2026-01-21 00:23:53] [Checkpoint] New best model saved → AUC: 0.4301
[2026-01-21 00:23:53]     ★ New Best Model: AUC-PR=0.4301, AUC-ROC=0.8270
[2026-01-21 00:25:34] Epoch [015/050]  Loss: 0.0483/0.0478 | AUC-ROC: 0.8263 | AUC-PR: 0.4302 | F1-Score: 0.4499 | LR: 8.54e-04 
[2026-01-21 00:25:34]     target_short: AUC=0.8266 | PR=0.7114 | F1=0.6815 | τ=0.568
[2026-01-21 00:25:34]     target_medium: AUC=0.8477 | PR=0.3785 | F1=0.4248 | τ=0.528
[2026-01-21 00:25:34]     target_long: AUC=0.8046 | PR=0.2006 | F1=0.2434 | τ=0.572
[2026-01-21 00:25:34] [Checkpoint] New best model saved → AUC: 0.4302
[2026-01-21 00:25:34]     ★ New Best Model: AUC-PR=0.4302, AUC-ROC=0.8263
[2026-01-21 00:27:12] Epoch [016/050]  Loss: 0.0478/0.0478 | AUC-ROC: 0.8269 | AUC-PR: 0.4307 | F1-Score: 0.4506 | LR: 7.94e-04 
[2026-01-21 00:27:12]     target_short: AUC=0.8267 | PR=0.7112 | F1=0.6823 | τ=0.566
[2026-01-21 00:27:12]     target_medium: AUC=0.8480 | PR=0.3796 | F1=0.4256 | τ=0.533
[2026-01-21 00:27:12]     target_long: AUC=0.8061 | PR=0.2014 | F1=0.2440 | τ=0.572
[2026-01-21 00:27:12] [Checkpoint] New best model saved → AUC: 0.4307
[2026-01-21 00:27:12]     ★ New Best Model: AUC-PR=0.4307, AUC-ROC=0.8269
[2026-01-21 00:28:52] Epoch [017/050]  Loss: 0.0482/0.0478 | AUC-ROC: 0.8279 | AUC-PR: 0.4319 | F1-Score: 0.4521 | LR: 7.27e-04 
[2026-01-21 00:28:52]     target_short: AUC=0.8271 | PR=0.7118 | F1=0.6834 | τ=0.570
[2026-01-21 00:28:52]     target_medium: AUC=0.8482 | PR=0.3809 | F1=0.4262 | τ=0.541
[2026-01-21 00:28:52]     target_long: AUC=0.8083 | PR=0.2030 | F1=0.2467 | τ=0.493
[2026-01-21 00:28:52] [Checkpoint] New best model saved → AUC: 0.4319
[2026-01-21 00:28:52]     ★ New Best Model: AUC-PR=0.4319, AUC-ROC=0.8279
[2026-01-21 00:30:31] Epoch [018/050]  Loss: 0.0485/0.0479 | AUC-ROC: 0.8291 | AUC-PR: 0.4337 | F1-Score: 0.4552 | LR: 6.55e-04 
[2026-01-21 00:30:31]     target_short: AUC=0.8275 | PR=0.7121 | F1=0.6836 | τ=0.563
[2026-01-21 00:30:31]     target_medium: AUC=0.8485 | PR=0.3834 | F1=0.4280 | τ=0.542
[2026-01-21 00:30:31]     target_long: AUC=0.8112 | PR=0.2057 | F1=0.2540 | τ=0.508
[2026-01-21 00:30:31] [Checkpoint] New best model saved → AUC: 0.4337
[2026-01-21 00:30:31]     ★ New Best Model: AUC-PR=0.4337, AUC-ROC=0.8291
[2026-01-21 00:32:11] Epoch [019/050]  Loss: 0.0486/0.0478 | AUC-ROC: 0.8294 | AUC-PR: 0.4333 | F1-Score: 0.4542 | LR: 5.79e-04 
[2026-01-21 00:32:11]     target_short: AUC=0.8275 | PR=0.7124 | F1=0.6836 | τ=0.565
[2026-01-21 00:32:11]     target_medium: AUC=0.8489 | PR=0.3823 | F1=0.4289 | τ=0.544
[2026-01-21 00:32:11]     target_long: AUC=0.8120 | PR=0.2052 | F1=0.2500 | τ=0.539
[2026-01-21 00:33:49] Epoch [020/050]  Loss: 0.0489/0.0477 | AUC-ROC: 0.8296 | AUC-PR: 0.4331 | F1-Score: 0.4546 | LR: 5.01e-04 
[2026-01-21 00:33:49]     target_short: AUC=0.8272 | PR=0.7124 | F1=0.6843 | τ=0.562
[2026-01-21 00:33:49]     target_medium: AUC=0.8494 | PR=0.3816 | F1=0.4258 | τ=0.551
[2026-01-21 00:33:49]     target_long: AUC=0.8123 | PR=0.2052 | F1=0.2535 | τ=0.515
[2026-01-21 00:35:31] Epoch [021/050]  Loss: 0.0482/0.0477 | AUC-ROC: 0.8300 | AUC-PR: 0.4330 | F1-Score: 0.4538 | LR: 4.22e-04 
[2026-01-21 00:35:31]     target_short: AUC=0.8266 | PR=0.7111 | F1=0.6837 | τ=0.573
[2026-01-21 00:35:31]     target_medium: AUC=0.8497 | PR=0.3815 | F1=0.4247 | τ=0.536
[2026-01-21 00:35:31]     target_long: AUC=0.8137 | PR=0.2065 | F1=0.2530 | τ=0.533
[2026-01-21 00:37:10] Epoch [022/050]  Loss: 0.0479/0.0477 | AUC-ROC: 0.8299 | AUC-PR: 0.4329 | F1-Score: 0.4530 | LR: 3.46e-04 
[2026-01-21 00:37:10]     target_short: AUC=0.8264 | PR=0.7105 | F1=0.6833 | τ=0.580
[2026-01-21 00:37:10]     target_medium: AUC=0.8494 | PR=0.3817 | F1=0.4252 | τ=0.541
[2026-01-21 00:37:10]     target_long: AUC=0.8138 | PR=0.2064 | F1=0.2506 | τ=0.542
[2026-01-21 00:38:49] Epoch [023/050]  Loss: 0.0477/0.0478 | AUC-ROC: 0.8297 | AUC-PR: 0.4330 | F1-Score: 0.4522 | LR: 2.74e-04 
[2026-01-21 00:38:49]     target_short: AUC=0.8260 | PR=0.7099 | F1=0.6834 | τ=0.588
[2026-01-21 00:38:49]     target_medium: AUC=0.8496 | PR=0.3819 | F1=0.4239 | τ=0.543
[2026-01-21 00:38:49]     target_long: AUC=0.8134 | PR=0.2072 | F1=0.2494 | τ=0.532
[2026-01-21 00:40:26] Epoch [024/050]  Loss: 0.0475/0.0478 | AUC-ROC: 0.8296 | AUC-PR: 0.4332 | F1-Score: 0.4526 | LR: 2.07e-04 
[2026-01-21 00:40:26]     target_short: AUC=0.8258 | PR=0.7093 | F1=0.6832 | τ=0.594
[2026-01-21 00:40:26]     target_medium: AUC=0.8495 | PR=0.3819 | F1=0.4241 | τ=0.558
[2026-01-21 00:40:26]     target_long: AUC=0.8135 | PR=0.2084 | F1=0.2506 | τ=0.555
[2026-01-21 00:42:07] Epoch [025/050]  Loss: 0.0474/0.0478 | AUC-ROC: 0.8298 | AUC-PR: 0.4331 | F1-Score: 0.4530 | LR: 1.47e-04 
[2026-01-21 00:42:07]     target_short: AUC=0.8259 | PR=0.7093 | F1=0.6827 | τ=0.599
[2026-01-21 00:42:07]     target_medium: AUC=0.8496 | PR=0.3816 | F1=0.4258 | τ=0.554
[2026-01-21 00:42:07]     target_long: AUC=0.8139 | PR=0.2083 | F1=0.2506 | τ=0.552
[2026-01-21 00:43:45] Epoch [026/050]  Loss: 0.0473/0.0478 | AUC-ROC: 0.8301 | AUC-PR: 0.4326 | F1-Score: 0.4534 | LR: 9.64e-05 
[2026-01-21 00:43:45]     target_short: AUC=0.8258 | PR=0.7088 | F1=0.6834 | τ=0.590
[2026-01-21 00:43:45]     target_medium: AUC=0.8495 | PR=0.3809 | F1=0.4263 | τ=0.549
[2026-01-21 00:43:45]     target_long: AUC=0.8150 | PR=0.2083 | F1=0.2506 | τ=0.549
[2026-01-21 00:45:24] Epoch [027/050]  Loss: 0.0472/0.0478 | AUC-ROC: 0.8305 | AUC-PR: 0.4330 | F1-Score: 0.4533 | LR: 5.54e-05 
[2026-01-21 00:45:24]     target_short: AUC=0.8260 | PR=0.7090 | F1=0.6835 | τ=0.590
[2026-01-21 00:45:24]     target_medium: AUC=0.8497 | PR=0.3812 | F1=0.4264 | τ=0.554
[2026-01-21 00:45:24]     target_long: AUC=0.8157 | PR=0.2087 | F1=0.2500 | τ=0.546
[2026-01-21 00:47:05] Epoch [028/050]  Loss: 0.0471/0.0478 | AUC-ROC: 0.8309 | AUC-PR: 0.4332 | F1-Score: 0.4537 | LR: 2.54e-05 
[2026-01-21 00:47:05]     target_short: AUC=0.8261 | PR=0.7093 | F1=0.6830 | τ=0.599
[2026-01-21 00:47:05]     target_medium: AUC=0.8501 | PR=0.3816 | F1=0.4282 | τ=0.553
[2026-01-21 00:47:05]     target_long: AUC=0.8165 | PR=0.2088 | F1=0.2500 | τ=0.544
[2026-01-21 00:47:05] [Early Stopping] Training halted at epoch 28 (patience=10). Best AUC-PR: 0.4337
[2026-01-21 00:47:05]   > Temperature Calibration
[2026-01-21 00:47:05] [Calibration] Performing temperature scaling on validation set
[2026-01-21 00:47:09] [Calibration] Temperature scaling complete
[2026-01-21 00:47:09] 
[2026-01-21 00:47:09] >>> EXPERIMENT COMPLETE
[2026-01-21 00:47:09]     Duration: 00:48:39
[2026-01-21 00:47:09]     Best AUC-ROC: 0.8291
[2026-01-21 00:47:09]     Best AUC-PR: 0.4337
[2026-01-21 00:47:09]     Training completed successfully. Model checkpoints saved to /root/rental-churn/Runs/20260120_235830/checkpoints
[2026-01-21 00:47:10] 
[2026-01-21 00:47:10] >>> MODEL EVALUATION ON TEST SET
[2026-01-21 00:47:15]   > Test Set
[2026-01-21 00:47:15]     Average AUC-ROC  : 0.8214
[2026-01-21 00:47:15]     Average AUC-PR   : 0.3842
[2026-01-21 00:47:15]     Average F1-Score : 0.3847
[2026-01-21 00:47:15]     Loss             : 0.0497
[2026-01-21 00:47:15]   > Per-Target Test Results
[2026-01-21 00:47:15]     Target        | AUC-ROC | AUC-PR | F1-Score | Threshold
[2026-01-21 00:47:15]     target_short  | 0.8405  | 0.7732 | 0.7302   | 0.563    
[2026-01-21 00:47:15]     target_medium | 0.8383  | 0.3374 | 0.4129   | 0.542    
[2026-01-21 00:47:15]     target_long   | 0.7853  | 0.0421 | 0.0110   | 0.508    
[2026-01-21 00:47:15] 
[2026-01-21 00:47:15] >>> MODEL PERSISTENCE
[2026-01-21 00:47:15] [Save] Best model saved to: /root/rental-churn/Runs/20260120_235830/checkpoints/best_model.pth
[2026-01-21 00:47:20] [Save] Test probabilities saved to: /root/rental-churn/Runs/20260120_235830/test_probs_targets.npz
[2026-01-21 00:47:20] 
[2026-01-21 00:47:20] >>> FINAL RESULTS SUMMARY
[2026-01-21 00:47:20]   > Test Set Performance
[2026-01-21 00:47:20]     Target        | AUC-ROC | AUC-PR | F1-Score
[2026-01-21 00:47:20]     target_short  | 0.8405  | 0.7732 | 0.7302  
[2026-01-21 00:47:20]     target_medium | 0.8383  | 0.3374 | 0.4129  
[2026-01-21 00:47:20]     target_long   | 0.7853  | 0.0421 | 0.0110  
[2026-01-21 00:47:20] [End] Duration: 00:48:49
